SonarQube plugins:
  - SonarPython 1.10.0.2131 (python)
  - SonarCSS 1.0.1.508 (cssfamily)
  - SonarGo 1.1.0.1612 (go)
  - SonarKotlin 1.0.1.965 (kotlin)
  - Svn 1.8.0.1168 (scmsvn)
  - SonarJS 4.2.0.6476 (javascript)
  - SonarC# 7.3.2.6129 (csharp)
  - SonarJava 5.6.1.15064 (java)
  - LDAP 2.2.0.608 (ldap)
  - Git 1.4.1.1128 (scmgit)
  - SonarFlex 2.4.0.1222 (flex)
  - SonarXML 1.5.1.1452 (xml)
  - SonarPHP 2.14.0.3569 (php)
  - SonarTS 1.7.0.2893 (typescript)
Global properties:
  - sonar.core.id=49B321BC-AWVhTLH6rehVLOHDYM27
  - sonar.core.startTime=2018-09-18T15:43:56+0800
  - sonar.scm.disabled=true
Settings for module: jiekouzidonghua
  - sonar.host.url=http://localhost:9000
  - sonar.java.binaries=web/target/classes,framework/target/classes,server/target/classes
  - sonar.jdbc.password=******
  - sonar.jdbc.url=jdbc:mysql://localhost:3306/sonar?useUnicode=true&characterEncoding=utf8&rewriteBatchedStatements=true&useConfigs=maxPerformance&useSSL=false
  - sonar.jdbc.username=sonar
  - sonar.projectBaseDir=D:\atsp_code\atsp_web
  - sonar.projectKey=jiekouzidonghua
  - sonar.projectName=atsp_code
  - sonar.projectVersion=1.0
  - sonar.scanner.app=ScannerCli
  - sonar.scanner.appVersion=3.2.0.1227
  - sonar.sourceEncoding=UTF-8
  - sonar.sources=web/src,framework/src,server/src
  - sonar.working.directory=D:\atsp_code\atsp_web\.scannerwork
